

Microchip MPLAB XC8 Assembler V2.35 build 20211206165544 
                                                                                               Wed May 18 14:59:07 2022

Microchip MPLAB XC8 C Compiler v2.35 (Free license) build 20211206165544 Og1 
     1                           	processor	16F887
     2                           	pagewidth 120
     3                           	opt	flic
     4                           	psect	cinit,global,class=CODE,merge=1,delta=2
     5                           	psect	bssCOMMON,global,class=COMMON,space=1,delta=1,noexec
     6                           	psect	cstackCOMMON,global,class=COMMON,space=1,delta=1,noexec
     7                           	psect	cstackBANK0,global,class=BANK0,space=1,delta=1,noexec
     8                           	psect	maintext,global,class=CODE,split=1,delta=2
     9                           	psect	text1,local,class=CODE,merge=1,delta=2
    10                           	psect	text2,local,class=CODE,merge=1,delta=2
    11                           	psect	text3,local,class=CODE,merge=1,delta=2
    12                           	psect	intentry,global,class=CODE,delta=2
    13                           	psect	text4,local,class=CODE,merge=1,delta=2
    14                           	psect	idloc,global,abs,ovrld,class=IDLOC,space=5,delta=2,noexec
    15                           	psect	config,global,abs,ovrld,class=CONFIG,space=4,delta=2,noexec
    16                           	dabs	1,0x7E,2
    17  0000                     
    18                           ; Version 2.40
    19                           ; Generated 17/11/2021 GMT
    20                           ; 
    21                           ; Copyright © 2021, Microchip Technology Inc. and its subsidiaries ("Microchip")
    22                           ; All rights reserved.
    23                           ; 
    24                           ; This software is developed by Microchip Technology Inc. and its subsidiaries ("Microch
      +                          ip").
    25                           ; 
    26                           ; Redistribution and use in source and binary forms, with or without modification, are
    27                           ; permitted provided that the following conditions are met:
    28                           ; 
    29                           ;     1. Redistributions of source code must retain the above copyright notice, this lis
      +                          t of
    30                           ;        conditions and the following disclaimer.
    31                           ; 
    32                           ;     2. Redistributions in binary form must reproduce the above copyright notice, this 
      +                          list
    33                           ;        of conditions and the following disclaimer in the documentation and/or other
    34                           ;        materials provided with the distribution. Publication is not required when
    35                           ;        this file is used in an embedded application.
    36                           ; 
    37                           ;     3. Microchip's name may not be used to endorse or promote products derived from th
      +                          is
    38                           ;        software without specific prior written permission.
    39                           ; 
    40                           ; THIS SOFTWARE IS PROVIDED BY MICROCHIP "AS IS" AND ANY EXPRESS OR IMPLIED WARRANTIES,
    41                           ; INCLUDING, BUT NOT LIMITED TO, THE IMPLIED WARRANTIES OF MERCHANTABILITY AND FITNESS F
      +                          OR
    42                           ; PURPOSE ARE DISCLAIMED.  IN NO EVENT SHALL MICROCHIP BE LIABLE FOR ANY DIRECT, INDIREC
      +                          T,
    43                           ; INCIDENTAL, SPECIAL, EXEMPLARY, OR CONSEQUENTIAL DAMAGES (INCLUDING BUT NOT LIMITED TO
    44                           ; PROCUREMENT OF SUBSTITUTE GOODS OR SERVICES; LOSS OF USE, DATA OR PROFITS; OR BUSINESS
    45                           ; INTERRUPTION) HOWSOEVER CAUSED AND ON ANY THEORY OF LIABILITY, WHETHER IN CONTRACT, ST
      +                          RICT
    46                           ; LIABILITY, OR TORT (INCLUDING NEGLIGENCE OR OTHERWISE) ARISING IN ANY WAY OUT OF THE U
      +                          SE OF
    47                           ; THIS SOFTWARE, EVEN IF ADVISED OF THE POSSIBILITY OF SUCH DAMAGE.
    48                           ; 
    49                           ; 
    50                           ; Code-generator required, PIC16F887 Definitions
    51                           ; 
    52                           ; SFR Addresses
    53  0000                     	;# 
    54  0001                     	;# 
    55  0002                     	;# 
    56  0003                     	;# 
    57  0004                     	;# 
    58  0005                     	;# 
    59  0006                     	;# 
    60  0007                     	;# 
    61  0008                     	;# 
    62  0009                     	;# 
    63  000A                     	;# 
    64  000B                     	;# 
    65  000C                     	;# 
    66  000D                     	;# 
    67  000E                     	;# 
    68  000E                     	;# 
    69  000F                     	;# 
    70  0010                     	;# 
    71  0011                     	;# 
    72  0012                     	;# 
    73  0013                     	;# 
    74  0014                     	;# 
    75  0015                     	;# 
    76  0015                     	;# 
    77  0016                     	;# 
    78  0017                     	;# 
    79  0018                     	;# 
    80  0019                     	;# 
    81  001A                     	;# 
    82  001B                     	;# 
    83  001B                     	;# 
    84  001C                     	;# 
    85  001D                     	;# 
    86  001E                     	;# 
    87  001F                     	;# 
    88  0081                     	;# 
    89  0085                     	;# 
    90  0086                     	;# 
    91  0087                     	;# 
    92  0088                     	;# 
    93  0089                     	;# 
    94  008C                     	;# 
    95  008D                     	;# 
    96  008E                     	;# 
    97  008F                     	;# 
    98  0090                     	;# 
    99  0091                     	;# 
   100  0092                     	;# 
   101  0093                     	;# 
   102  0093                     	;# 
   103  0093                     	;# 
   104  0094                     	;# 
   105  0095                     	;# 
   106  0096                     	;# 
   107  0097                     	;# 
   108  0098                     	;# 
   109  0099                     	;# 
   110  009A                     	;# 
   111  009B                     	;# 
   112  009C                     	;# 
   113  009D                     	;# 
   114  009E                     	;# 
   115  009F                     	;# 
   116  0105                     	;# 
   117  0107                     	;# 
   118  0108                     	;# 
   119  0109                     	;# 
   120  010C                     	;# 
   121  010C                     	;# 
   122  010D                     	;# 
   123  010E                     	;# 
   124  010F                     	;# 
   125  0185                     	;# 
   126  0187                     	;# 
   127  0188                     	;# 
   128  0189                     	;# 
   129  018C                     	;# 
   130  018D                     	;# 
   131  0000                     	;# 
   132  0001                     	;# 
   133  0002                     	;# 
   134  0003                     	;# 
   135  0004                     	;# 
   136  0005                     	;# 
   137  0006                     	;# 
   138  0007                     	;# 
   139  0008                     	;# 
   140  0009                     	;# 
   141  000A                     	;# 
   142  000B                     	;# 
   143  000C                     	;# 
   144  000D                     	;# 
   145  000E                     	;# 
   146  000E                     	;# 
   147  000F                     	;# 
   148  0010                     	;# 
   149  0011                     	;# 
   150  0012                     	;# 
   151  0013                     	;# 
   152  0014                     	;# 
   153  0015                     	;# 
   154  0015                     	;# 
   155  0016                     	;# 
   156  0017                     	;# 
   157  0018                     	;# 
   158  0019                     	;# 
   159  001A                     	;# 
   160  001B                     	;# 
   161  001B                     	;# 
   162  001C                     	;# 
   163  001D                     	;# 
   164  001E                     	;# 
   165  001F                     	;# 
   166  0081                     	;# 
   167  0085                     	;# 
   168  0086                     	;# 
   169  0087                     	;# 
   170  0088                     	;# 
   171  0089                     	;# 
   172  008C                     	;# 
   173  008D                     	;# 
   174  008E                     	;# 
   175  008F                     	;# 
   176  0090                     	;# 
   177  0091                     	;# 
   178  0092                     	;# 
   179  0093                     	;# 
   180  0093                     	;# 
   181  0093                     	;# 
   182  0094                     	;# 
   183  0095                     	;# 
   184  0096                     	;# 
   185  0097                     	;# 
   186  0098                     	;# 
   187  0099                     	;# 
   188  009A                     	;# 
   189  009B                     	;# 
   190  009C                     	;# 
   191  009D                     	;# 
   192  009E                     	;# 
   193  009F                     	;# 
   194  0105                     	;# 
   195  0107                     	;# 
   196  0108                     	;# 
   197  0109                     	;# 
   198  010C                     	;# 
   199  010C                     	;# 
   200  010D                     	;# 
   201  010E                     	;# 
   202  010F                     	;# 
   203  0185                     	;# 
   204  0187                     	;# 
   205  0188                     	;# 
   206  0189                     	;# 
   207  018C                     	;# 
   208  018D                     	;# 
   209  0006                     _PORTB	set	6
   210  0005                     _PORTA	set	5
   211  0008                     _PORTD	set	8
   212  000B                     _INTCONbits	set	11
   213  001E                     _ADRESH	set	30
   214  0007                     _PORTC	set	7
   215  001F                     _ADCON0bits	set	31
   216  000C                     _PIR1bits	set	12
   217  0031                     _RB1	set	49
   218  0032                     _RB2	set	50
   219  0030                     _RB0	set	48
   220  0096                     _IOCBbits	set	150
   221  008C                     _PIE1bits	set	140
   222  009F                     _ADCON1bits	set	159
   223  008F                     _OSCCONbits	set	143
   224  0088                     _TRISD	set	136
   225  0087                     _TRISC	set	135
   226  0095                     _WPUBbits	set	149
   227  0081                     _OPTION_REGbits	set	129
   228  0086                     _TRISB	set	134
   229  0085                     _TRISA	set	133
   230  010C                     _EEDAT	set	268
   231  010D                     _EEADR	set	269
   232  018D                     _EECON2	set	397
   233  018C                     _EECON1bits	set	396
   234  0189                     _ANSELH	set	393
   235  0188                     _ANSEL	set	392
   236                           
   237                           	psect	cinit
   238  000F                     start_initialization:	
   239                           ; #config settings
   240                           
   241  000F                     __initialization:
   242                           
   243                           ; Clear objects allocated to COMMON
   244  000F  01F6               	clrf	__pbssCOMMON& (0+127)
   245  0010  01F7               	clrf	(__pbssCOMMON+1)& (0+127)
   246  0011                     end_of_initialization:	
   247                           ;End of C runtime variable initialization code
   248                           
   249  0011                     __end_of__initialization:
   250  0011  0183               	clrf	3
   251  0012  120A  118A  28A1   	ljmp	_main	;jump to C main() function
   252                           
   253                           	psect	bssCOMMON
   254  0076                     __pbssCOMMON:
   255  0076                     _pot:
   256  0076                     	ds	1
   257  0077                     _address:
   258  0077                     	ds	1
   259                           
   260                           	psect	cstackCOMMON
   261  0070                     __pcstackCOMMON:
   262  0070                     ?_write_EEPROM:
   263  0070                     ?_setup:	
   264                           ; 1 bytes @ 0x0
   265                           
   266  0070                     ?_read_EEPROM:	
   267                           ; 1 bytes @ 0x0
   268                           
   269  0070                     ?_isr:	
   270                           ; 1 bytes @ 0x0
   271                           
   272  0070                     ?_main:	
   273                           ; 1 bytes @ 0x0
   274                           
   275  0070                     write_EEPROM@data:	
   276                           ; 1 bytes @ 0x0
   277                           
   278                           
   279                           ; 1 bytes @ 0x0
   280  0070                     	ds	1
   281  0071                     ??_write_EEPROM:
   282  0071                     write_EEPROM@address:	
   283                           ; 1 bytes @ 0x1
   284                           
   285                           
   286                           ; 1 bytes @ 0x1
   287  0071                     	ds	1
   288  0072                     ??_isr:
   289                           
   290                           ; 1 bytes @ 0x2
   291  0072                     	ds	4
   292  0076                     ??_read_EEPROM:
   293                           
   294                           	psect	cstackBANK0
   295  0020                     __pcstackBANK0:	
   296                           ; 1 bytes @ 0x6
   297                           
   298  0020                     ??_setup:
   299  0020                     read_EEPROM@address:	
   300                           ; 1 bytes @ 0x0
   301                           
   302                           
   303                           ; 1 bytes @ 0x0
   304  0020                     	ds	1
   305  0021                     ??_main:
   306                           
   307                           ; 1 bytes @ 0x1
   308  0021                     	ds	2
   309                           
   310                           	psect	maintext
   311  00A1                     __pmaintext:	
   312 ;;
   313 ;;Main: autosize = 0, tempsize = 2, incstack = 0, save=0
   314 ;;
   315 ;; *************** function _main *****************
   316 ;; Defined at:
   317 ;;		line 75 in file "Main_lab12.c"
   318 ;; Parameters:    Size  Location     Type
   319 ;;		None
   320 ;; Auto vars:     Size  Location     Type
   321 ;;		None
   322 ;; Return value:  Size  Location     Type
   323 ;;                  1    wreg      void 
   324 ;; Registers used:
   325 ;;		wreg, status,2, status,0, pclath, cstack
   326 ;; Tracked objects:
   327 ;;		On entry : B00/0
   328 ;;		On exit  : 0/0
   329 ;;		Unchanged: 0/0
   330 ;; Data sizes:     COMMON   BANK0   BANK1   BANK3   BANK2
   331 ;;      Params:         0       0       0       0       0
   332 ;;      Locals:         0       0       0       0       0
   333 ;;      Temps:          0       2       0       0       0
   334 ;;      Totals:         0       2       0       0       0
   335 ;;Total ram usage:        2 bytes
   336 ;; Hardware stack levels required when called: 3
   337 ;; This function calls:
   338 ;;		_read_EEPROM
   339 ;;		_setup
   340 ;; This function is called by:
   341 ;;		Startup code after reset
   342 ;; This function uses a non-reentrant model
   343 ;;
   344                           
   345  00A1                     _main:	
   346                           ;psect for function _main
   347                           
   348  00A1                     l927:	
   349                           ;incstack = 0
   350                           ; Regs used in _main: [wreg+status,2+status,0+pclath+cstack]
   351                           
   352                           
   353                           ;Main_lab12.c: 76:     setup();
   354  00A1  120A  118A  2015  120A  118A  	fcall	_setup
   355  00A6                     l929:
   356                           
   357                           ;Main_lab12.c: 77:     address = 0x40;
   358  00A6  3040               	movlw	64
   359  00A7  1283               	bcf	3,5	;RP0=0, select bank0
   360  00A8  1303               	bcf	3,6	;RP1=0, select bank0
   361  00A9  00A1               	movwf	??_main
   362  00AA  0821               	movf	??_main,w
   363  00AB  00F7               	movwf	_address
   364  00AC                     l931:
   365                           
   366                           ;Main_lab12.c: 80:         PORTD = read_EEPROM(address);
   367  00AC  0877               	movf	_address,w
   368  00AD  120A  118A  20E4  120A  118A  	fcall	_read_EEPROM
   369  00B2  1283               	bcf	3,5	;RP0=0, select bank0
   370  00B3  1303               	bcf	3,6	;RP1=0, select bank0
   371  00B4  0088               	movwf	8	;volatile
   372  00B5                     l933:
   373                           
   374                           ;Main_lab12.c: 81:         if(ADCON0bits.GO == 0){
   375  00B5  189F               	btfsc	31,1	;volatile
   376  00B6  28B8               	goto	u151
   377  00B7  28B9               	goto	u150
   378  00B8                     u151:
   379  00B8  28BA               	goto	l937
   380  00B9                     u150:
   381  00B9                     l935:
   382                           
   383                           ;Main_lab12.c: 82:             ADCON0bits.GO = 1;
   384  00B9  149F               	bsf	31,1	;volatile
   385  00BA                     l937:
   386                           
   387                           ;Main_lab12.c: 84:         _delay((unsigned long)((10)*(4000000/4000.0)));
   388  00BA  300D               	movlw	13
   389  00BB  1283               	bcf	3,5	;RP0=0, select bank0
   390  00BC  1303               	bcf	3,6	;RP1=0, select bank0
   391  00BD  00A2               	movwf	??_main+1
   392  00BE  30FB               	movlw	251
   393  00BF  00A1               	movwf	??_main
   394  00C0                     u177:
   395  00C0  0BA1               	decfsz	??_main,f
   396  00C1  28C0               	goto	u177
   397  00C2  0BA2               	decfsz	??_main+1,f
   398  00C3  28C0               	goto	u177
   399  00C4                     l939:
   400                           
   401                           ;Main_lab12.c: 85:         if(RB1 == 0){
   402  00C4  1283               	bcf	3,5	;RP0=0, select bank0
   403  00C5  1303               	bcf	3,6	;RP1=0, select bank0
   404  00C6  1886               	btfsc	6,1	;volatile
   405  00C7  28C9               	goto	u161
   406  00C8  28CA               	goto	u160
   407  00C9                     u161:
   408  00C9  28AC               	goto	l931
   409  00CA                     u160:
   410  00CA                     l941:
   411  00CA  0063               	sleep	;# 
   412  00CB  28AC               	goto	l931
   413  00CC  120A  118A  280C   	ljmp	start
   414  00CF                     __end_of_main:
   415                           
   416                           	psect	text1
   417  0015                     __ptext1:	
   418 ;; *************** function _setup *****************
   419 ;; Defined at:
   420 ;;		line 95 in file "Main_lab12.c"
   421 ;; Parameters:    Size  Location     Type
   422 ;;		None
   423 ;; Auto vars:     Size  Location     Type
   424 ;;		None
   425 ;; Return value:  Size  Location     Type
   426 ;;                  1    wreg      void 
   427 ;; Registers used:
   428 ;;		wreg, status,2, status,0
   429 ;; Tracked objects:
   430 ;;		On entry : 0/0
   431 ;;		On exit  : 0/0
   432 ;;		Unchanged: 0/0
   433 ;; Data sizes:     COMMON   BANK0   BANK1   BANK3   BANK2
   434 ;;      Params:         0       0       0       0       0
   435 ;;      Locals:         0       0       0       0       0
   436 ;;      Temps:          0       1       0       0       0
   437 ;;      Totals:         0       1       0       0       0
   438 ;;Total ram usage:        1 bytes
   439 ;; Hardware stack levels used: 1
   440 ;; Hardware stack levels required when called: 2
   441 ;; This function calls:
   442 ;;		Nothing
   443 ;; This function is called by:
   444 ;;		_main
   445 ;; This function uses a non-reentrant model
   446 ;;
   447                           
   448  0015                     _setup:	
   449                           ;psect for function _setup
   450                           
   451  0015                     l861:	
   452                           ;incstack = 0
   453                           ; Regs used in _setup: [wreg+status,2+status,0]
   454                           
   455                           
   456                           ;Main_lab12.c: 96:     ANSEL = 0b00000001;
   457  0015  3001               	movlw	1
   458  0016  1683               	bsf	3,5	;RP0=1, select bank3
   459  0017  1703               	bsf	3,6	;RP1=1, select bank3
   460  0018  0088               	movwf	8	;volatile
   461  0019                     l863:
   462                           
   463                           ;Main_lab12.c: 97:     ANSELH = 0;
   464  0019  0189               	clrf	9	;volatile
   465  001A                     l865:
   466                           
   467                           ;Main_lab12.c: 99:     TRISA = 0b00000001;
   468  001A  3001               	movlw	1
   469  001B  1683               	bsf	3,5	;RP0=1, select bank1
   470  001C  1303               	bcf	3,6	;RP1=0, select bank1
   471  001D  0085               	movwf	5	;volatile
   472                           
   473                           ;Main_lab12.c: 100:     PORTA = 0;
   474  001E  1283               	bcf	3,5	;RP0=0, select bank0
   475  001F  1303               	bcf	3,6	;RP1=0, select bank0
   476  0020  0185               	clrf	5	;volatile
   477  0021                     l867:
   478                           
   479                           ;Main_lab12.c: 102:     TRISB = 0b00000111;
   480  0021  3007               	movlw	7
   481  0022  1683               	bsf	3,5	;RP0=1, select bank1
   482  0023  1303               	bcf	3,6	;RP1=0, select bank1
   483  0024  0086               	movwf	6	;volatile
   484  0025                     l869:
   485                           
   486                           ;Main_lab12.c: 103:     PORTB = 0;
   487  0025  1283               	bcf	3,5	;RP0=0, select bank0
   488  0026  1303               	bcf	3,6	;RP1=0, select bank0
   489  0027  0186               	clrf	6	;volatile
   490  0028                     l871:
   491                           
   492                           ;Main_lab12.c: 105:     OPTION_REGbits.nRBPU = 0;
   493  0028  1683               	bsf	3,5	;RP0=1, select bank1
   494  0029  1303               	bcf	3,6	;RP1=0, select bank1
   495  002A  1381               	bcf	1,7	;volatile
   496  002B                     l873:
   497                           
   498                           ;Main_lab12.c: 106:     WPUBbits.WPUB1 = 1;
   499  002B  1495               	bsf	21,1	;volatile
   500  002C                     l875:
   501                           
   502                           ;Main_lab12.c: 107:     WPUBbits.WPUB0 = 1;
   503  002C  1415               	bsf	21,0	;volatile
   504  002D                     l877:
   505                           
   506                           ;Main_lab12.c: 109:     TRISC = 0;
   507  002D  0187               	clrf	7	;volatile
   508  002E                     l879:
   509                           
   510                           ;Main_lab12.c: 110:     TRISD = 0;
   511  002E  0188               	clrf	8	;volatile
   512  002F                     l881:
   513                           
   514                           ;Main_lab12.c: 111:     PORTC = 0;
   515  002F  1283               	bcf	3,5	;RP0=0, select bank0
   516  0030  1303               	bcf	3,6	;RP1=0, select bank0
   517  0031  0187               	clrf	7	;volatile
   518  0032                     l883:
   519                           
   520                           ;Main_lab12.c: 112:     PORTD = 0;
   521  0032  0188               	clrf	8	;volatile
   522  0033                     l885:
   523                           
   524                           ;Main_lab12.c: 116:     OSCCONbits.IRCF = 0b0110;
   525  0033  1683               	bsf	3,5	;RP0=1, select bank1
   526  0034  1303               	bcf	3,6	;RP1=0, select bank1
   527  0035  080F               	movf	15,w	;volatile
   528  0036  398F               	andlw	-113
   529  0037  3860               	iorlw	96
   530  0038  008F               	movwf	15	;volatile
   531  0039                     l887:
   532                           
   533                           ;Main_lab12.c: 117:     OSCCONbits.SCS = 1;
   534  0039  140F               	bsf	15,0	;volatile
   535  003A                     l889:
   536                           
   537                           ;Main_lab12.c: 120:     ADCON0bits.ADCS = 0b01;
   538  003A  1283               	bcf	3,5	;RP0=0, select bank0
   539  003B  1303               	bcf	3,6	;RP1=0, select bank0
   540  003C  081F               	movf	31,w	;volatile
   541  003D  393F               	andlw	-193
   542  003E  3840               	iorlw	64
   543  003F  009F               	movwf	31	;volatile
   544  0040                     l891:
   545                           
   546                           ;Main_lab12.c: 121:     ADCON1bits.VCFG0 = 0;
   547  0040  1683               	bsf	3,5	;RP0=1, select bank1
   548  0041  1303               	bcf	3,6	;RP1=0, select bank1
   549  0042  121F               	bcf	31,4	;volatile
   550  0043                     l893:
   551                           
   552                           ;Main_lab12.c: 122:     ADCON1bits.VCFG1 = 0;
   553  0043  129F               	bcf	31,5	;volatile
   554  0044                     l895:
   555                           
   556                           ;Main_lab12.c: 123:     ADCON0bits.CHS = 0b0000;
   557  0044  30C3               	movlw	-61
   558  0045  1283               	bcf	3,5	;RP0=0, select bank0
   559  0046  1303               	bcf	3,6	;RP1=0, select bank0
   560  0047  059F               	andwf	31,f	;volatile
   561  0048                     l897:
   562                           
   563                           ;Main_lab12.c: 124:     ADCON1bits.ADFM = 0;
   564  0048  1683               	bsf	3,5	;RP0=1, select bank1
   565  0049  1303               	bcf	3,6	;RP1=0, select bank1
   566  004A  139F               	bcf	31,7	;volatile
   567  004B                     l899:
   568                           
   569                           ;Main_lab12.c: 125:     ADCON0bits.ADON = 1;
   570  004B  1283               	bcf	3,5	;RP0=0, select bank0
   571  004C  1303               	bcf	3,6	;RP1=0, select bank0
   572  004D  141F               	bsf	31,0	;volatile
   573  004E                     l901:
   574                           
   575                           ;Main_lab12.c: 126:     _delay((unsigned long)((40)*(4000000/4000000.0)));
   576  004E  300C               	movlw	12
   577  004F  1283               	bcf	3,5	;RP0=0, select bank0
   578  0050  1303               	bcf	3,6	;RP1=0, select bank0
   579  0051  00A0               	movwf	??_setup
   580  0052                     u187:
   581  0052  0BA0               	decfsz	??_setup,f
   582  0053  2852               	goto	u187
   583  0054  0000               	nop
   584  0055                     l903:
   585                           
   586                           ;Main_lab12.c: 129:     PIR1bits.ADIF = 0;
   587  0055  1283               	bcf	3,5	;RP0=0, select bank0
   588  0056  1303               	bcf	3,6	;RP1=0, select bank0
   589  0057  130C               	bcf	12,6	;volatile
   590  0058                     l905:
   591                           
   592                           ;Main_lab12.c: 130:     PIE1bits.ADIE = 1;
   593  0058  1683               	bsf	3,5	;RP0=1, select bank1
   594  0059  1303               	bcf	3,6	;RP1=0, select bank1
   595  005A  170C               	bsf	12,6	;volatile
   596  005B                     l907:
   597                           
   598                           ;Main_lab12.c: 131:     INTCONbits.PEIE = 1;
   599  005B  170B               	bsf	11,6	;volatile
   600  005C                     l909:
   601                           
   602                           ;Main_lab12.c: 132:     INTCONbits.GIE = 1;
   603  005C  178B               	bsf	11,7	;volatile
   604  005D                     l911:
   605                           
   606                           ;Main_lab12.c: 133:     INTCONbits.RBIE = 1;
   607  005D  158B               	bsf	11,3	;volatile
   608  005E                     l913:
   609                           
   610                           ;Main_lab12.c: 134:     IOCBbits.IOCB0 = 1;
   611  005E  1416               	bsf	22,0	;volatile
   612  005F                     l915:
   613                           
   614                           ;Main_lab12.c: 135:     IOCBbits.IOCB2 = 1;
   615  005F  1516               	bsf	22,2	;volatile
   616  0060                     l917:
   617                           
   618                           ;Main_lab12.c: 137:     INTCONbits.RBIF = 0;
   619  0060  100B               	bcf	11,0	;volatile
   620  0061                     l89:
   621  0061  0008               	return
   622  0062                     __end_of_setup:
   623                           
   624                           	psect	text2
   625  00E4                     __ptext2:	
   626 ;; *************** function _read_EEPROM *****************
   627 ;; Defined at:
   628 ;;		line 141 in file "Main_lab12.c"
   629 ;; Parameters:    Size  Location     Type
   630 ;;  address         1    wreg     unsigned char 
   631 ;; Auto vars:     Size  Location     Type
   632 ;;  address         1    0[BANK0 ] unsigned char 
   633 ;; Return value:  Size  Location     Type
   634 ;;                  1    wreg      unsigned char 
   635 ;; Registers used:
   636 ;;		wreg
   637 ;; Tracked objects:
   638 ;;		On entry : 0/0
   639 ;;		On exit  : 0/0
   640 ;;		Unchanged: 0/0
   641 ;; Data sizes:     COMMON   BANK0   BANK1   BANK3   BANK2
   642 ;;      Params:         0       0       0       0       0
   643 ;;      Locals:         0       1       0       0       0
   644 ;;      Temps:          0       0       0       0       0
   645 ;;      Totals:         0       1       0       0       0
   646 ;;Total ram usage:        1 bytes
   647 ;; Hardware stack levels used: 1
   648 ;; Hardware stack levels required when called: 2
   649 ;; This function calls:
   650 ;;		Nothing
   651 ;; This function is called by:
   652 ;;		_main
   653 ;; This function uses a non-reentrant model
   654 ;;
   655                           
   656  00E4                     _read_EEPROM:	
   657                           ;psect for function _read_EEPROM
   658                           
   659                           
   660                           ;incstack = 0
   661                           ; Regs used in _read_EEPROM: [wreg]
   662                           ;read_EEPROM@address stored from wreg
   663  00E4  1283               	bcf	3,5	;RP0=0, select bank0
   664  00E5  1303               	bcf	3,6	;RP1=0, select bank0
   665  00E6  00A0               	movwf	read_EEPROM@address
   666  00E7                     l919:
   667                           
   668                           ;Main_lab12.c: 142:     EEADR = address;
   669  00E7  0820               	movf	read_EEPROM@address,w
   670  00E8  1283               	bcf	3,5	;RP0=0, select bank2
   671  00E9  1703               	bsf	3,6	;RP1=1, select bank2
   672  00EA  008D               	movwf	13	;volatile
   673  00EB                     l921:
   674                           
   675                           ;Main_lab12.c: 143:     EECON1bits.EEPGD = 0;
   676  00EB  1683               	bsf	3,5	;RP0=1, select bank3
   677  00EC  1703               	bsf	3,6	;RP1=1, select bank3
   678  00ED  138C               	bcf	12,7	;volsfr
   679  00EE                     l923:
   680                           
   681                           ;Main_lab12.c: 144:     EECON1bits.RD = 1;
   682  00EE  140C               	bsf	12,0	;volsfr
   683                           
   684                           ;Main_lab12.c: 145:     return EEDAT;
   685  00EF  1283               	bcf	3,5	;RP0=0, select bank2
   686  00F0  1703               	bsf	3,6	;RP1=1, select bank2
   687  00F1  080C               	movf	12,w	;volatile
   688  00F2                     l92:
   689  00F2  0008               	return
   690  00F3                     __end_of_read_EEPROM:
   691                           
   692                           	psect	text3
   693  0062                     __ptext3:	
   694 ;; *************** function _isr *****************
   695 ;; Defined at:
   696 ;;		line 50 in file "Main_lab12.c"
   697 ;; Parameters:    Size  Location     Type
   698 ;;		None
   699 ;; Auto vars:     Size  Location     Type
   700 ;;		None
   701 ;; Return value:  Size  Location     Type
   702 ;;                  1    wreg      void 
   703 ;; Registers used:
   704 ;;		wreg, status,2, status,0, pclath, cstack
   705 ;; Tracked objects:
   706 ;;		On entry : 0/0
   707 ;;		On exit  : 0/0
   708 ;;		Unchanged: 0/0
   709 ;; Data sizes:     COMMON   BANK0   BANK1   BANK3   BANK2
   710 ;;      Params:         0       0       0       0       0
   711 ;;      Locals:         0       0       0       0       0
   712 ;;      Temps:          4       0       0       0       0
   713 ;;      Totals:         4       0       0       0       0
   714 ;;Total ram usage:        4 bytes
   715 ;; Hardware stack levels used: 1
   716 ;; Hardware stack levels required when called: 1
   717 ;; This function calls:
   718 ;;		_write_EEPROM
   719 ;; This function is called by:
   720 ;;		Interrupt level 1
   721 ;; This function uses a non-reentrant model
   722 ;;
   723                           
   724  0062                     _isr:	
   725                           ;psect for function _isr
   726                           
   727  0062                     i1l823:
   728                           
   729                           ;Main_lab12.c: 51:     if(PIR1bits.ADIF){
   730  0062  1283               	bcf	3,5	;RP0=0, select bank0
   731  0063  1303               	bcf	3,6	;RP1=0, select bank0
   732  0064  1F0C               	btfss	12,6	;volatile
   733  0065  2867               	goto	u8_21
   734  0066  2868               	goto	u8_20
   735  0067                     u8_21:
   736  0067  2878               	goto	i1l831
   737  0068                     u8_20:
   738  0068                     i1l825:
   739                           
   740                           ;Main_lab12.c: 52:         if(ADCON0bits.CHS == 0){
   741  0068  0C1F               	rrf	31,w	;volatile
   742  0069  00F2               	movwf	??_isr
   743  006A  0C72               	rrf	??_isr,w
   744  006B  390F               	andlw	15
   745  006C  3A00               	xorlw	0
   746  006D  1D03               	skipz
   747  006E  2870               	goto	u9_21
   748  006F  2871               	goto	u9_20
   749  0070                     u9_21:
   750  0070  2877               	goto	i1l829
   751  0071                     u9_20:
   752  0071                     i1l827:
   753                           
   754                           ;Main_lab12.c: 53:             PORTC = ADRESH;
   755  0071  081E               	movf	30,w	;volatile
   756  0072  0087               	movwf	7	;volatile
   757                           
   758                           ;Main_lab12.c: 54:             pot = ADRESH;
   759  0073  081E               	movf	30,w	;volatile
   760  0074  00F2               	movwf	??_isr
   761  0075  0872               	movf	??_isr,w
   762  0076  00F6               	movwf	_pot
   763  0077                     i1l829:
   764                           
   765                           ;Main_lab12.c: 57:         PIR1bits.ADIF = 0;
   766  0077  130C               	bcf	12,6	;volatile
   767  0078                     i1l831:
   768                           
   769                           ;Main_lab12.c: 59:     if(INTCONbits.RBIF){
   770  0078  1C0B               	btfss	11,0	;volatile
   771  0079  287B               	goto	u10_21
   772  007A  287C               	goto	u10_20
   773  007B                     u10_21:
   774  007B  289A               	goto	i1l76
   775  007C                     u10_20:
   776  007C                     i1l833:
   777                           
   778                           ;Main_lab12.c: 60:         if (!RB0)
   779  007C  1806               	btfsc	6,0	;volatile
   780  007D  287F               	goto	u11_21
   781  007E  2880               	goto	u11_20
   782  007F                     u11_21:
   783  007F  2889               	goto	i1l837
   784  0080                     u11_20:
   785  0080                     i1l835:
   786                           
   787                           ;Main_lab12.c: 61:         {;Main_lab12.c: 62:            _delay((unsigned long)((10)*(4
      +                          000000/4000.0)));
   788  0080  300D               	movlw	13
   789  0081  00F3               	movwf	??_isr+1
   790  0082  30FB               	movlw	251
   791  0083  00F2               	movwf	??_isr
   792  0084                     u19_27:
   793  0084  0BF2               	decfsz	??_isr,f
   794  0085  2884               	goto	u19_27
   795  0086  0BF3               	decfsz	??_isr+1,f
   796  0087  2884               	goto	u19_27
   797  0088  2889               	nop2
   798  0089                     i1l837:
   799                           
   800                           ;Main_lab12.c: 64:         INTCONbits.RBIF = 0;
   801  0089  100B               	bcf	11,0	;volatile
   802  008A                     i1l839:
   803                           
   804                           ;Main_lab12.c: 65:         if (RB2){
   805  008A  1283               	bcf	3,5	;RP0=0, select bank0
   806  008B  1303               	bcf	3,6	;RP1=0, select bank0
   807  008C  1D06               	btfss	6,2	;volatile
   808  008D  288F               	goto	u12_21
   809  008E  2890               	goto	u12_20
   810  008F                     u12_21:
   811  008F  289A               	goto	i1l76
   812  0090                     u12_20:
   813  0090                     i1l841:
   814                           
   815                           ;Main_lab12.c: 66:             write_EEPROM(address, pot);
   816  0090  0876               	movf	_pot,w
   817  0091  00F2               	movwf	??_isr
   818  0092  0872               	movf	??_isr,w
   819  0093  00F0               	movwf	write_EEPROM@data
   820  0094  0877               	movf	_address,w
   821  0095  120A  118A  20CF  120A  118A  	fcall	_write_EEPROM
   822  009A                     i1l76:
   823  009A  0875               	movf	??_isr+3,w
   824  009B  008A               	movwf	10
   825  009C  0E74               	swapf	??_isr+2,w
   826  009D  0083               	movwf	3
   827  009E  0EFE               	swapf	btemp,f
   828  009F  0E7E               	swapf	btemp,w
   829  00A0  0009               	retfie
   830  00A1                     __end_of_isr:
   831                           
   832                           	psect	intentry
   833  0004                     __pintentry:	
   834                           ;incstack = 0
   835                           ; Regs used in _isr: [wreg+status,2+status,0+pclath+cstack]
   836                           
   837  0004                     interrupt_function:
   838  007E                     saved_w	set	btemp
   839  0004  00FE               	movwf	btemp
   840  0005  0E03               	swapf	3,w
   841  0006  00F4               	movwf	??_isr+2
   842  0007  080A               	movf	10,w
   843  0008  00F5               	movwf	??_isr+3
   844  0009  120A  118A  2862   	ljmp	_isr
   845                           
   846                           	psect	text4
   847  00CF                     __ptext4:	
   848 ;; *************** function _write_EEPROM *****************
   849 ;; Defined at:
   850 ;;		line 148 in file "Main_lab12.c"
   851 ;; Parameters:    Size  Location     Type
   852 ;;  address         1    wreg     unsigned char 
   853 ;;  data            1    0[COMMON] unsigned char 
   854 ;; Auto vars:     Size  Location     Type
   855 ;;  address         1    1[COMMON] unsigned char 
   856 ;; Return value:  Size  Location     Type
   857 ;;                  1    wreg      void 
   858 ;; Registers used:
   859 ;;		wreg
   860 ;; Tracked objects:
   861 ;;		On entry : 0/0
   862 ;;		On exit  : 0/0
   863 ;;		Unchanged: 0/0
   864 ;; Data sizes:     COMMON   BANK0   BANK1   BANK3   BANK2
   865 ;;      Params:         1       0       0       0       0
   866 ;;      Locals:         1       0       0       0       0
   867 ;;      Temps:          0       0       0       0       0
   868 ;;      Totals:         2       0       0       0       0
   869 ;;Total ram usage:        2 bytes
   870 ;; Hardware stack levels used: 1
   871 ;; This function calls:
   872 ;;		Nothing
   873 ;; This function is called by:
   874 ;;		_isr
   875 ;; This function uses a non-reentrant model
   876 ;;
   877                           
   878  00CF                     _write_EEPROM:	
   879                           ;psect for function _write_EEPROM
   880                           
   881                           
   882                           ;incstack = 0
   883                           ; Regs used in _write_EEPROM: [wreg]
   884                           ;write_EEPROM@address stored from wreg
   885  00CF  00F1               	movwf	write_EEPROM@address
   886  00D0                     i1l807:
   887                           
   888                           ;Main_lab12.c: 149:     EEADR = address;
   889  00D0  0871               	movf	write_EEPROM@address,w
   890  00D1  1283               	bcf	3,5	;RP0=0, select bank2
   891  00D2  1703               	bsf	3,6	;RP1=1, select bank2
   892  00D3  008D               	movwf	13	;volatile
   893                           
   894                           ;Main_lab12.c: 150:     EEDAT = data;
   895  00D4  0870               	movf	write_EEPROM@data,w
   896  00D5  008C               	movwf	12	;volatile
   897  00D6                     i1l809:
   898                           
   899                           ;Main_lab12.c: 151:     EECON1bits.EEPGD = 0;
   900  00D6  1683               	bsf	3,5	;RP0=1, select bank3
   901  00D7  1703               	bsf	3,6	;RP1=1, select bank3
   902  00D8  138C               	bcf	12,7	;volsfr
   903  00D9                     i1l811:
   904                           
   905                           ;Main_lab12.c: 152:     EECON1bits.WREN = 1;
   906  00D9  150C               	bsf	12,2	;volsfr
   907  00DA                     i1l813:
   908                           
   909                           ;Main_lab12.c: 154:     INTCONbits.GIE = 0;
   910  00DA  138B               	bcf	11,7	;volatile
   911                           
   912                           ;Main_lab12.c: 155:     EECON2 = 0x55;
   913  00DB  3055               	movlw	85
   914  00DC  008D               	movwf	13	;volsfr
   915                           
   916                           ;Main_lab12.c: 156:     EECON2 = 0xAA;
   917  00DD  30AA               	movlw	170
   918  00DE  008D               	movwf	13	;volsfr
   919  00DF                     i1l815:
   920                           
   921                           ;Main_lab12.c: 158:     EECON1bits.WR = 1;
   922  00DF  148C               	bsf	12,1	;volsfr
   923  00E0                     i1l817:
   924                           
   925                           ;Main_lab12.c: 160:     EECON1bits.WREN = 0;
   926  00E0  110C               	bcf	12,2	;volsfr
   927  00E1                     i1l819:
   928                           
   929                           ;Main_lab12.c: 161:     INTCONbits.RBIF = 0;
   930  00E1  100B               	bcf	11,0	;volatile
   931  00E2                     i1l821:
   932                           
   933                           ;Main_lab12.c: 162:     INTCONbits.GIE = 1;
   934  00E2  178B               	bsf	11,7	;volatile
   935  00E3                     i1l95:
   936  00E3  0008               	return
   937  00E4                     __end_of_write_EEPROM:
   938  007E                     btemp	set	126	;btemp
   939  007E                     wtemp0	set	126
   940                           
   941                           	psect	idloc
   942                           
   943                           ;Config register IDLOC0 @ 0x2000
   944                           ;	unspecified, using default values
   945  2000                     	org	8192
   946  2000  3FFF               	dw	16383
   947                           
   948                           ;Config register IDLOC1 @ 0x2001
   949                           ;	unspecified, using default values
   950  2001                     	org	8193
   951  2001  3FFF               	dw	16383
   952                           
   953                           ;Config register IDLOC2 @ 0x2002
   954                           ;	unspecified, using default values
   955  2002                     	org	8194
   956  2002  3FFF               	dw	16383
   957                           
   958                           ;Config register IDLOC3 @ 0x2003
   959                           ;	unspecified, using default values
   960  2003                     	org	8195
   961  2003  3FFF               	dw	16383
   962                           
   963                           	psect	config
   964                           
   965                           ;Config register CONFIG1 @ 0x2007
   966                           ;	Oscillator Selection bits
   967                           ;	FOSC = INTRC_NOCLKOUT, INTOSCIO oscillator: I/O function on RA6/OSC2/CLKOUT pin, I/O f
      +                          unction on RA7/OSC1/CLKIN
   968                           ;	Watchdog Timer Enable bit
   969                           ;	WDTE = OFF, WDT disabled and can be enabled by SWDTEN bit of the WDTCON register
   970                           ;	Power-up Timer Enable bit
   971                           ;	PWRTE = OFF, PWRT disabled
   972                           ;	RE3/MCLR pin function select bit
   973                           ;	MCLRE = OFF, RE3/MCLR pin function is digital input, MCLR internally tied to VDD
   974                           ;	Code Protection bit
   975                           ;	CP = OFF, Program memory code protection is disabled
   976                           ;	Data Code Protection bit
   977                           ;	CPD = OFF, Data memory code protection is disabled
   978                           ;	Brown Out Reset Selection bits
   979                           ;	BOREN = OFF, BOR disabled
   980                           ;	Internal External Switchover bit
   981                           ;	IESO = OFF, Internal/External Switchover mode is disabled
   982                           ;	Fail-Safe Clock Monitor Enabled bit
   983                           ;	FCMEN = OFF, Fail-Safe Clock Monitor is disabled
   984                           ;	Low Voltage Programming Enable bit
   985                           ;	LVP = OFF, RB3 pin has digital I/O, HV on MCLR must be used for programming
   986                           ;	In-Circuit Debugger Mode bit
   987                           ;	DEBUG = 0x1, unprogrammed default
   988  2007                     	org	8199
   989  2007  20D4               	dw	8404
   990                           
   991                           ;Config register CONFIG2 @ 0x2008
   992                           ;	Brown-out Reset Selection bit
   993                           ;	BOR4V = BOR40V, Brown-out Reset set to 4.0V
   994                           ;	Flash Program Memory Self Write Enable bits
   995                           ;	WRT = OFF, Write protection off
   996  2008                     	org	8200
   997  2008  3FFF               	dw	16383

Data Sizes:
    Strings     0
    Constant    0
    Data        0
    BSS         2
    Persistent  0
    Stack       0

Auto Spaces:
    Space          Size  Autos    Used
    COMMON           14      6       8
    BANK0            80      3       3
    BANK1            80      0       0
    BANK3            96      0       0
    BANK2            96      0       0

Pointer List with Targets:

    None.

Critical Paths under _main in COMMON

    None.

Critical Paths under _isr in COMMON

    _isr->_write_EEPROM

Critical Paths under _main in BANK0

    _main->_read_EEPROM
    _main->_setup

Critical Paths under _isr in BANK0

    None.

Critical Paths under _main in BANK1

    None.

Critical Paths under _isr in BANK1

    None.

Critical Paths under _main in BANK3

    None.

Critical Paths under _isr in BANK3

    None.

Critical Paths under _main in BANK2

    None.

Critical Paths under _isr in BANK2

    None.

Call Graph Tables:

 ---------------------------------------------------------------------------------
 (Depth) Function   	        Calls       Base Space   Used Autos Params    Refs
 ---------------------------------------------------------------------------------
 (0) _main                                                 2     2      0      22
                                              1 BANK0      2     2      0
                        _read_EEPROM
                              _setup
 ---------------------------------------------------------------------------------
 (1) _setup                                                1     1      0       0
                                              0 BANK0      1     1      0
 ---------------------------------------------------------------------------------
 (1) _read_EEPROM                                          1     1      0      22
                                              0 BANK0      1     1      0
 ---------------------------------------------------------------------------------
 Estimated maximum stack depth 1
 ---------------------------------------------------------------------------------
 (Depth) Function   	        Calls       Base Space   Used Autos Params    Refs
 ---------------------------------------------------------------------------------
 (2) _isr                                                  4     4      0     120
                                              2 COMMON     4     4      0
                       _write_EEPROM
 ---------------------------------------------------------------------------------
 (3) _write_EEPROM                                         2     1      1     120
                                              0 COMMON     2     1      1
 ---------------------------------------------------------------------------------
 Estimated maximum stack depth 3
 ---------------------------------------------------------------------------------

 Call Graph Graphs:

 _main (ROOT)
   _read_EEPROM
   _setup

 _isr (ROOT)
   _write_EEPROM

 Address spaces:
Name               Size   Autos  Total    Cost      Usage
BITCOMMON            E      0       0       0        0.0%
EEDATA             100      0       0       0        0.0%
NULL                 0      0       0       0        0.0%
CODE                 0      0       0       0        0.0%
COMMON               E      6       8       1       57.1%
BITSFR0              0      0       0       1        0.0%
SFR0                 0      0       0       1        0.0%
BITSFR1              0      0       0       2        0.0%
SFR1                 0      0       0       2        0.0%
STACK                0      0       0       2        0.0%
ABS                  0      0       B       3        0.0%
BITBANK0            50      0       0       4        0.0%
BITSFR3              0      0       0       4        0.0%
SFR3                 0      0       0       4        0.0%
BANK0               50      3       3       5        3.8%
BITSFR2              0      0       0       5        0.0%
SFR2                 0      0       0       5        0.0%
BITBANK1            50      0       0       6        0.0%
BANK1               50      0       0       7        0.0%
BITBANK3            60      0       0       8        0.0%
BANK3               60      0       0       9        0.0%
BITBANK2            60      0       0      10        0.0%
BANK2               60      0       0      11        0.0%
DATA                 0      0       B      12        0.0%


Microchip Technology PIC Macro Assembler V2.35 build 20211206165544 
Symbol Table                                                                                   Wed May 18 14:59:07 2022

                     l92 00F2                       l89 0061                      l901 004E  
                    l911 005D                      l903 0055                      l921 00EB  
                    l913 005E                      l905 0058                      l923 00EE  
                    l915 005F                      l907 005B                      l931 00AC  
                    l917 0060                      l909 005C                      l861 0015  
                    l941 00CA                      l933 00B5                      l919 00E7  
                    l871 0028                      l863 0019                      l935 00B9  
                    l927 00A1                      l881 002F                      l873 002B  
                    l865 001A                      l937 00BA                      l929 00A6  
                    l891 0040                      l883 0032                      l875 002C  
                    l867 0021                      l939 00C4                      l893 0043  
                    l885 0033                      l877 002D                      l869 0025  
                    l895 0044                      l887 0039                      l879 002E  
                    l897 0048                      l889 003A                      l899 004B  
                    _RB0 0030                      _RB1 0031                      _RB2 0032  
                    u150 00B9                      u151 00B8                      u160 00CA  
                    u161 00C9                      u177 00C0                      u187 0052  
                    _isr 0062                      _pot 0076                     ?_isr 0070  
                   i1l76 009A                     i1l95 00E3                     u8_20 0068  
                   u8_21 0067                     u9_20 0071                     u9_21 0070  
                   _main 00A1                     btemp 007E                     start 000C  
           ?_read_EEPROM 0070                    ??_isr 0072                    ?_main 0070  
                  _EEADR 010D                    _EEDAT 010C                    _ANSEL 0188  
                  i1l811 00D9                    i1l821 00E2                    i1l813 00DA  
                  i1l815 00DF                    i1l807 00D0                    i1l831 0078  
                  i1l823 0062                    i1l817 00E0                    i1l809 00D6  
                  i1l841 0090                    i1l833 007C                    i1l825 0068  
                  i1l819 00E1                    i1l835 0080                    i1l827 0071  
                  i1l837 0089                    i1l829 0077                    i1l839 008A  
                  u10_20 007C                    u10_21 007B                    u11_20 0080  
                  u11_21 007F                    u12_20 0090                    u12_21 008F  
                  _PORTA 0005                    _PORTB 0006                    _PORTC 0007  
                  _PORTD 0008                    u19_27 0084                    _TRISA 0085  
                  _TRISB 0086                    _TRISC 0087                    _TRISD 0088  
                  _setup 0015                    pclath 000A                    status 0003  
                  wtemp0 007E          __initialization 000F             __end_of_main 00CF  
                 ??_main 0021             _write_EEPROM 00CF                   _ADRESH 001E  
                 _EECON2 018D                   ?_setup 0070                   _ANSELH 0189  
                 saved_w 007E  __end_of__initialization 0011           __pcstackCOMMON 0070  
          __end_of_setup 0062       read_EEPROM@address 0020           _OPTION_REGbits 0081  
       write_EEPROM@data 0070                  ??_setup 0020               __pmaintext 00A1  
             __pintentry 0004                  _address 0077                  __ptext1 0015  
                __ptext2 00E4                  __ptext3 0062                  __ptext4 00CF  
   end_of_initialization 0011      write_EEPROM@address 0071      start_initialization 000F  
            __end_of_isr 00A1            ??_read_EEPROM 0076              __pbssCOMMON 0076  
              ___latbits 0002            __pcstackBANK0 0020      __end_of_read_EEPROM 00F3  
          ?_write_EEPROM 0070        interrupt_function 0004                 _IOCBbits 0096  
               _PIE1bits 008C                 _PIR1bits 000C               _ADCON0bits 001F  
             _ADCON1bits 009F           ??_write_EEPROM 0071                 _WPUBbits 0095  
             _EECON1bits 018C              _read_EEPROM 00E4               _INTCONbits 000B  
               intlevel1 0000     __end_of_write_EEPROM 00E4               _OSCCONbits 008F  
